  speechManager.cpp
D:\C++\演講比賽\演講比賽\speechManager.cpp(50,20): warning C4018: '<': signed/unsigned 不相符
D:\C++\演講比賽\演講比賽\speechManager.cpp(328,21): warning C4018: '<': signed/unsigned 不相符
C:\Program Files (x86)\Microsoft Visual Studio\2019\Community\VC\Tools\MSVC\14.29.30037\include\numeric(35,26): warning C4244: '=': 將 'double' 轉換為 '_Ty'，由於類型不同，可能導致資料遺失
          with
          [
              _Ty=float
          ]
C:\Program Files (x86)\Microsoft Visual Studio\2019\Community\VC\Tools\MSVC\14.29.30037\include\numeric(44): message : 請參考正在進行編譯的函式 樣板 具現化 '_Ty std::accumulate<_InIt,_Ty,std::plus<void>>(const _InIt,const _InIt,_Ty,_Fn)'
          with
          [
              _Ty=float,
              _InIt=std::_Deque_iterator<std::_Deque_val<std::_Deque_simple_types<double>>>,
              _Fn=std::plus<void>
          ]
D:\C++\演講比賽\演講比賽\speechManager.cpp(107): message : 請參考正在進行編譯的函式 樣板 具現化 '_Ty std::accumulate<std::_Deque_iterator<std::_Deque_val<std::_Deque_simple_types<double>>>,float>(const _InIt,const _InIt,_Ty)'
          with
          [
              _Ty=float,
              _InIt=std::_Deque_iterator<std::_Deque_val<std::_Deque_simple_types<double>>>
          ]
  演講比賽.cpp
  正在產生程式碼...
  演講比賽.vcxproj -> D:\C++\演講比賽\Debug\演講比賽.exe
